Determining if the pthread_create exist failed with the following output:
Change Dir: /home/juhyeong/mm_ws/build/CMakeFiles/CMakeTmp

Run Build Command:"/usr/bin/make" "cmTC_dcf2c/fast"
/usr/bin/make -f CMakeFiles/cmTC_dcf2c.dir/build.make CMakeFiles/cmTC_dcf2c.dir/build
make[1]: 디렉터리 '/home/juhyeong/mm_ws/build/CMakeFiles/CMakeTmp' 들어감
Building C object CMakeFiles/cmTC_dcf2c.dir/CheckSymbolExists.c.o
/usr/bin/cc    -o CMakeFiles/cmTC_dcf2c.dir/CheckSymbolExists.c.o   -c /home/juhyeong/mm_ws/build/CMakeFiles/CMakeTmp/CheckSymbolExists.c
Linking C executable cmTC_dcf2c
/usr/bin/cmake -E cmake_link_script CMakeFiles/cmTC_dcf2c.dir/link.txt --verbose=1
/usr/bin/cc      -rdynamic CMakeFiles/cmTC_dcf2c.dir/CheckSymbolExists.c.o  -o cmTC_dcf2c 
CMakeFiles/cmTC_dcf2c.dir/CheckSymbolExists.c.o: In function `main':
CheckSymbolExists.c:(.text+0x1b): undefined reference to `pthread_create'
collect2: error: ld returned 1 exit status
CMakeFiles/cmTC_dcf2c.dir/build.make:97: recipe for target 'cmTC_dcf2c' failed
make[1]: *** [cmTC_dcf2c] Error 1
make[1]: 디렉터리 '/home/juhyeong/mm_ws/build/CMakeFiles/CMakeTmp' 나감
Makefile:126: recipe for target 'cmTC_dcf2c/fast' failed
make: *** [cmTC_dcf2c/fast] Error 2

File /home/juhyeong/mm_ws/build/CMakeFiles/CMakeTmp/CheckSymbolExists.c:
/* */
#include <pthread.h>

int main(int argc, char** argv)
{
  (void)argv;
#ifndef pthread_create
  return ((int*)(&pthread_create))[argc];
#else
  (void)argc;
  return 0;
#endif
}

Determining if the function pthread_create exists in the pthreads failed with the following output:
Change Dir: /home/juhyeong/mm_ws/build/CMakeFiles/CMakeTmp

Run Build Command:"/usr/bin/make" "cmTC_46129/fast"
/usr/bin/make -f CMakeFiles/cmTC_46129.dir/build.make CMakeFiles/cmTC_46129.dir/build
make[1]: 디렉터리 '/home/juhyeong/mm_ws/build/CMakeFiles/CMakeTmp' 들어감
Building C object CMakeFiles/cmTC_46129.dir/CheckFunctionExists.c.o
/usr/bin/cc   -DCHECK_FUNCTION_EXISTS=pthread_create   -o CMakeFiles/cmTC_46129.dir/CheckFunctionExists.c.o   -c /usr/share/cmake-3.10/Modules/CheckFunctionExists.c
Linking C executable cmTC_46129
/usr/bin/cmake -E cmake_link_script CMakeFiles/cmTC_46129.dir/link.txt --verbose=1
/usr/bin/cc  -DCHECK_FUNCTION_EXISTS=pthread_create    -rdynamic CMakeFiles/cmTC_46129.dir/CheckFunctionExists.c.o  -o cmTC_46129 -lpthreads 
/usr/bin/ld: cannot find -lpthreads
collect2: error: ld returned 1 exit status
CMakeFiles/cmTC_46129.dir/build.make:97: recipe for target 'cmTC_46129' failed
make[1]: *** [cmTC_46129] Error 1
make[1]: 디렉터리 '/home/juhyeong/mm_ws/build/CMakeFiles/CMakeTmp' 나감
Makefile:126: recipe for target 'cmTC_46129/fast' failed
make: *** [cmTC_46129/fast] Error 2


